[debug] [2023-02-19T04:37:15.418Z] ----------------------------------------------------------------------
[debug] [2023-02-19T04:37:15.423Z] Command:       C:\Program Files\nodejs\node.exe C:\Users\SANDEEP\AppData\Roaming\npm\node_modules\firebase-tools\lib\bin\firebase.js functions:shell
[debug] [2023-02-19T04:37:15.424Z] CLI Version:   11.21.0
[debug] [2023-02-19T04:37:15.424Z] Platform:      win32
[debug] [2023-02-19T04:37:15.424Z] Node Version:  v16.17.0
[debug] [2023-02-19T04:37:15.431Z] Time:          Sun Feb 19 2023 10:07:15 GMT+0530 (India Standard Time)
[debug] [2023-02-19T04:37:15.431Z] ----------------------------------------------------------------------
[debug] 
[debug] [2023-02-19T04:37:15.437Z] >>> [apiv2][query] GET https://firebase-public.firebaseio.com/cli.json [none]
[debug] [2023-02-19T04:37:15.534Z] > command requires scopes: ["email","openid","https://www.googleapis.com/auth/cloudplatformprojects.readonly","https://www.googleapis.com/auth/firebase","https://www.googleapis.com/auth/cloud-platform"]
[debug] [2023-02-19T04:37:15.534Z] > authorizing via signed-in user (mallinasandeep21@gmail.com)
[debug] [2023-02-19T04:37:15.534Z] [iam] checking project clone-c3164 for permissions ["firebase.projects.get"]
[debug] [2023-02-19T04:37:15.535Z] > refreshing access token with scopes: []
[debug] [2023-02-19T04:37:15.536Z] >>> [apiv2][query] POST https://www.googleapis.com/oauth2/v3/token [none]
[debug] [2023-02-19T04:37:15.536Z] >>> [apiv2][body] POST https://www.googleapis.com/oauth2/v3/token [omitted]
[debug] [2023-02-19T04:37:15.828Z] <<< [apiv2][status] POST https://www.googleapis.com/oauth2/v3/token 200
[debug] [2023-02-19T04:37:15.829Z] <<< [apiv2][body] POST https://www.googleapis.com/oauth2/v3/token [omitted]
[debug] [2023-02-19T04:37:15.842Z] >>> [apiv2][query] POST https://cloudresourcemanager.googleapis.com/v1/projects/clone-c3164:testIamPermissions [none]
[debug] [2023-02-19T04:37:15.842Z] >>> [apiv2][(partial)header] POST https://cloudresourcemanager.googleapis.com/v1/projects/clone-c3164:testIamPermissions x-goog-quota-user=projects/clone-c3164
[debug] [2023-02-19T04:37:15.842Z] >>> [apiv2][body] POST https://cloudresourcemanager.googleapis.com/v1/projects/clone-c3164:testIamPermissions {"permissions":["firebase.projects.get"]}
[debug] [2023-02-19T04:37:16.211Z] <<< [apiv2][status] GET https://firebase-public.firebaseio.com/cli.json 200
[debug] [2023-02-19T04:37:16.211Z] <<< [apiv2][body] GET https://firebase-public.firebaseio.com/cli.json {"cloudBuildErrorAfter":1594252800000,"cloudBuildWarnAfter":1590019200000,"defaultNode10After":1594252800000,"minVersion":"3.0.5","node8DeploysDisabledAfter":1613390400000,"node8RuntimeDisabledAfter":1615809600000,"node8WarnAfter":1600128000000}
[debug] [2023-02-19T04:37:17.486Z] <<< [apiv2][status] POST https://cloudresourcemanager.googleapis.com/v1/projects/clone-c3164:testIamPermissions 200
[debug] [2023-02-19T04:37:17.486Z] <<< [apiv2][body] POST https://cloudresourcemanager.googleapis.com/v1/projects/clone-c3164:testIamPermissions {"permissions":["firebase.projects.get"]}
[debug] [2023-02-19T04:37:17.493Z] [functions] Functions Emulator only supports listening on one address (127.0.0.1). Not listening on ::1
[debug] [2023-02-19T04:37:17.519Z] [functions] Using node@16 from host.
[debug] [2023-02-19T04:37:17.519Z] defaultcredentials: writing to file C:\Users\SANDEEP\AppData\Roaming\firebase\mallinasandeep21_gmail_com_application_default_credentials.json
[debug] [2023-02-19T04:37:17.540Z] DEBUG: Setting GAC to C:\Users\SANDEEP\AppData\Roaming\firebase\mallinasandeep21_gmail_com_application_default_credentials.json
[debug] [2023-02-19T04:37:17.541Z] >>> [apiv2][query] GET https://firebase.googleapis.com/v1beta1/projects/clone-c3164/adminSdkConfig [none]
[debug] [2023-02-19T04:37:18.187Z] <<< [apiv2][status] GET https://firebase.googleapis.com/v1beta1/projects/clone-c3164/adminSdkConfig 200
[debug] [2023-02-19T04:37:18.187Z] <<< [apiv2][body] GET https://firebase.googleapis.com/v1beta1/projects/clone-c3164/adminSdkConfig {"projectId":"clone-c3164","storageBucket":"clone-c3164.appspot.com"}
[debug] [2023-02-19T04:37:18.223Z] [functions] Watching "C:\Users\SANDEEP\Desktop\Amazon-clone\amazon-clone\functions" for Cloud Functions...
[debug] [2023-02-19T04:37:18.231Z] Validating nodejs source
[warn] !  functions: package.json indicates an outdated version of firebase-functions. Please upgrade using npm install --save firebase-functions@latest in your functions directory. 
[warn] !  functions: Please note that there will be breaking changes when you upgrade. 
[debug] [2023-02-19T04:37:19.809Z] > [functions] package.json contents: {
  "name": "functions",
  "description": "Cloud Functions for Firebase",
  "scripts": {
    "lint": "eslint .",
    "serve": "firebase emulators:start --only functions",
    "shell": "firebase functions:shell",
    "start": "npm run shell",
    "deploy": "firebase deploy --only functions",
    "logs": "firebase functions:log"
  },
  "engines": {
    "node": "16"
  },
  "main": "index.js",
  "dependencies": {
    "cors": "^2.8.5",
    "express": "^4.18.2",
    "firebase-admin": "^10.0.2",
    "firebase-functions": "^3.18.0",
    "stripe": "^11.6.0"
  },
  "devDependencies": {
    "eslint": "^8.9.0",
    "eslint-config-google": "^0.14.0",
    "firebase-functions-test": "^0.2.0"
  },
  "private": true
}
[debug] [2023-02-19T04:37:19.809Z] Building nodejs source
[debug] [2023-02-19T04:37:19.814Z] Could not find functions.yaml. Must use http discovery
[debug] [2023-02-19T04:37:20.273Z] Serving at port 9005

[debug] [2023-02-19T04:37:20.398Z] Server is running on port 5000

[debug] [2023-02-19T04:37:20.403Z] Got response from /__/functions.yaml {"endpoints":{},"specVersion":"v1alpha1","requiredAPIs":[]}
[debug] [2023-02-19T04:37:20.412Z] shutdown requested via /__/quitquitquit

